SERVER: SENDING DATE SURVEY REQUEST
SERVER: SURVEY COMPLETE
SERVER: SENDING DATE SURVEY REQUEST
CLIENT (client2): RECEIVED "DATE" SURVEY REQUEST
CLIENT (client0): RECEIVED "DATE" SURVEY REQUEST
CLIENT (client1): RECEIVED "DATE" SURVEY REQUEST
CLIENT (client2): SENDING DATE SURVEY RESPONSE
CLIENT (client1): SENDING DATE SURVEY RESPONSE
CLIENT (client0): SENDING DATE SURVEY RESPONSE
SERVER: RECEIVED "Tue Jan  9 11:33:40 2018" SURVEY RESPONSE
SERVER: RECEIVED "Tue Jan  9 11:33:40 2018" SURVEY RESPONSE
SERVER: RECEIVED "Tue Jan  9 11:33:40 2018" SURVEY RESPONSE
SERVER: SURVEY COMPLETE
SERVER: SENDING DATE SURVEY REQUEST
CLIENT (client2): RECEIVED "DATE" SURVEY REQUEST
CLIENT (client2): SENDING DATE SURVEY RESPONSE
CLIENT (client0): RECEIVED "DATE" SURVEY REQUEST
CLIENT (client0): SENDING DATE SURVEY RESPONSE
CLIENT (client1): RECEIVED "DATE" SURVEY REQUEST
CLIENT (client1): SENDING DATE SURVEY RESPONSE
SERVER: RECEIVED "Tue Jan  9 11:33:41 2018" SURVEY RESPONSE
SERVER: RECEIVED "Tue Jan  9 11:33:41 2018" SURVEY RESPONSE
SERVER: RECEIVED "Tue Jan  9 11:33:41 2018" SURVEY RESPONSE
